

-------------------------------------------------
CS240: Lab 2b. cs240   
Sun Jan 25 22:14:59 EST 2015
-------------------------------------------------
test_mystring test1                 : 0   of 3  
test_mystring test2                 : 0   of 3  
test_mystring test3                 : 0   of 3  
test_mystring test4                 : 0   of 3  
test_mystring test5                 : 0   of 3  
test_mystring test6                 : 0   of 3  
test_mystring test7                 : 0   of 3  
-------------------------------------------------
CS240: Lab 2b. cs240 Sun Jan 25 22:14:59 EST 2015  Total:  0 of 21



-------------------------------------------------
CS240: Lab 2b. cs240   
Sun Jan 25 22:15:33 EST 2015
-------------------------------------------------
test_mystring test1                 : 0   of 3  
test_mystring test2                 : 0   of 3  
test_mystring test3                 : 0   of 3  
test_mystring test4                 : 0   of 3  
test_mystring test5                 : 0   of 3  
test_mystring test6                 : 0   of 3  
test_mystring test7                 : 0   of 3  
-------------------------------------------------
CS240: Lab 2b. cs240 Sun Jan 25 22:15:33 EST 2015  Total:  0 of 21

