[master (root-commit) 195006e] otal of otalmax
 Committer: CS24000 Account <cs240@data.cs.purdue.edu>
Your name and email address were configured automatically based
on your username and hostname. Please check that they are accurate.
You can suppress this message by setting them explicitly:

    git config --global user.name "Your Name"
    git config --global user.email you@example.com

After doing this, you may fix the identity used for this commit with:

    git commit --amend --reset-author

 11 files changed, 811 insertions(+)
 create mode 100644 .local.git.out
 create mode 100644 HashTableVoid.cc
 create mode 100644 HashTableVoid.h
 create mode 100755 HashTableVoidTest
 create mode 100644 HashTableVoidTest.cc
 create mode 100755 IRCServer
 create mode 100644 IRCServer.cc
 create mode 100644 IRCServer.h
 create mode 100755 Makefile
 create mode 100755 talk-server
 create mode 100755 testall
[master 31a87fe] 0 of 12
 Committer: CS24000 Account <cs240@data.cs.purdue.edu>
Your name and email address were configured automatically based
on your username and hostname. Please check that they are accurate.
You can suppress this message by setting them explicitly:

    git config --global user.name "Your Name"
    git config --global user.email you@example.com

After doing this, you may fix the identity used for this commit with:

    git commit --amend --reset-author

 5 files changed, 35 insertions(+)
 create mode 100644 .local.total.out
 create mode 100644 diff.out
 create mode 100644 total.out
 create mode 100644 total.txt
[master 3f7cda3] otal of otalmax
 Committer: CS24000 Account <cs240@data.cs.purdue.edu>
Your name and email address were configured automatically based
on your username and hostname. Please check that they are accurate.
You can suppress this message by setting them explicitly:

    git config --global user.name "Your Name"
    git config --global user.email you@example.com

After doing this, you may fix the identity used for this commit with:

    git commit --amend --reset-author

 3 files changed, 18 insertions(+), 2 deletions(-)
 rename diff.out => none (100%)
 delete mode 100644 total.out
[master d546088] 12 of 12
 Committer: CS24000 Account <cs240@data.cs.purdue.edu>
Your name and email address were configured automatically based
on your username and hostname. Please check that they are accurate.
You can suppress this message by setting them explicitly:

    git config --global user.name "Your Name"
    git config --global user.email you@example.com

After doing this, you may fix the identity used for this commit with:

    git commit --amend --reset-author

 7 files changed, 26 insertions(+), 6 deletions(-)
 create mode 100644 diff.out
 create mode 100644 prog.org.out
 create mode 100644 prog.out
 create mode 100644 total.out
[master 0c99a0a] otal of otalmax
 Committer: CS24000 Account <cs240@data.cs.purdue.edu>
Your name and email address were configured automatically based
on your username and hostname. Please check that they are accurate.
You can suppress this message by setting them explicitly:

    git config --global user.name "Your Name"
    git config --global user.email you@example.com

After doing this, you may fix the identity used for this commit with:

    git commit --amend --reset-author

 6 files changed, 18 insertions(+), 2 deletions(-)
 create mode 100755 HashTableVoidTest.org
 delete mode 100644 diff.out
 delete mode 100644 prog.org.out
 delete mode 100644 prog.out
 delete mode 100644 total.out
[master e4c08cd] 0 of 12
 Committer: CS24000 Account <cs240@data.cs.purdue.edu>
Your name and email address were configured automatically based
on your username and hostname. Please check that they are accurate.
You can suppress this message by setting them explicitly:

    git config --global user.name "Your Name"
    git config --global user.email you@example.com

After doing this, you may fix the identity used for this commit with:

    git commit --amend --reset-author

 7 files changed, 32 insertions(+), 6 deletions(-)
 create mode 100644 diff.out
 create mode 100644 prog.org.out
 create mode 100644 prog.out
 create mode 100644 total.out
[master e7d364c] otal of otalmax
 Committer: CS24000 Account <cs240@data.cs.purdue.edu>
Your name and email address were configured automatically based
on your username and hostname. Please check that they are accurate.
You can suppress this message by setting them explicitly:

    git config --global user.name "Your Name"
    git config --global user.email you@example.com

After doing this, you may fix the identity used for this commit with:

    git commit --amend --reset-author

 5 files changed, 18 insertions(+), 5 deletions(-)
 delete mode 100644 diff.out
 delete mode 100644 prog.org.out
 delete mode 100644 prog.out
 delete mode 100644 total.out
[master a203c20] 0 of 12
 Committer: CS24000 Account <cs240@data.cs.purdue.edu>
Your name and email address were configured automatically based
on your username and hostname. Please check that they are accurate.
You can suppress this message by setting them explicitly:

    git config --global user.name "Your Name"
    git config --global user.email you@example.com

After doing this, you may fix the identity used for this commit with:

    git commit --amend --reset-author

 6 files changed, 25 insertions(+)
 create mode 100644 diff.out
 create mode 100644 prog.org.out
 create mode 100644 prog.out
 create mode 100644 total.out
[master ce9b998] otal of otalmax
 Committer: CS24000 Account <cs240@data.cs.purdue.edu>
Your name and email address were configured automatically based
on your username and hostname. Please check that they are accurate.
You can suppress this message by setting them explicitly:

    git config --global user.name "Your Name"
    git config --global user.email you@example.com

After doing this, you may fix the identity used for this commit with:

    git commit --amend --reset-author

 5 files changed, 18 insertions(+), 5 deletions(-)
 delete mode 100644 diff.out
 delete mode 100644 prog.org.out
 delete mode 100644 prog.out
 delete mode 100644 total.out
[master 504054b] 0 of 12
 Committer: CS24000 Account <cs240@data.cs.purdue.edu>
Your name and email address were configured automatically based
on your username and hostname. Please check that they are accurate.
You can suppress this message by setting them explicitly:

    git config --global user.name "Your Name"
    git config --global user.email you@example.com

After doing this, you may fix the identity used for this commit with:

    git commit --amend --reset-author

 6 files changed, 25 insertions(+)
 create mode 100644 diff.out
 create mode 100644 prog.org.out
 create mode 100644 prog.out
 create mode 100644 total.out
[master 59c6ef4] Make IRCServer
 9 files changed, 74 insertions(+), 9 deletions(-)
 rewrite HashTableVoidTest (88%)
 delete mode 100644 diff.out
 delete mode 100644 prog.org.out
 delete mode 100644 prog.out
 delete mode 100644 total.out
[master 5a45062] Make IRCServer
 1 file changed, 7 insertions(+)
[master 611d86e] 8 of 12
 7 files changed, 12 insertions(+), 4 deletions(-)
 create mode 100644 diff.out
 create mode 100644 prog.org.out
 create mode 100644 prog.out
 create mode 100644 total.out
[master e5dcf55] Make IRCServer
 7 files changed, 20 insertions(+), 5 deletions(-)
 delete mode 100644 diff.out
 delete mode 100644 prog.org.out
 delete mode 100644 prog.out
 delete mode 100644 total.out
[master 4bae84c] 8 of 12
 6 files changed, 12 insertions(+)
 create mode 100644 diff.out
 create mode 100644 prog.org.out
 create mode 100644 prog.out
 create mode 100644 total.out
[master 3e7cec5] Make IRCServer
 7 files changed, 12 insertions(+), 7 deletions(-)
 delete mode 100644 diff.out
 delete mode 100644 prog.org.out
 delete mode 100644 prog.out
 delete mode 100644 total.out
[master 58b8f24] 8 of 12
 6 files changed, 12 insertions(+)
 create mode 100644 diff.out
 create mode 100644 prog.org.out
 create mode 100644 prog.out
 create mode 100644 total.out
[master 232a275] Make IRCServer
 7 files changed, 9 insertions(+), 6 deletions(-)
 delete mode 100644 diff.out
 delete mode 100644 prog.org.out
 delete mode 100644 prog.out
 delete mode 100644 total.out
[master 59ece57] 8 of 12
 6 files changed, 12 insertions(+)
 create mode 100644 diff.out
 create mode 100644 prog.org.out
 create mode 100644 prog.out
 create mode 100644 total.out
[master 21ebdef] Make IRCServer
 7 files changed, 7 insertions(+), 5 deletions(-)
 delete mode 100644 diff.out
 delete mode 100644 prog.org.out
 delete mode 100644 prog.out
 delete mode 100644 total.out
[master 2f54171] 8 of 12
 6 files changed, 12 insertions(+)
 create mode 100644 diff.out
 create mode 100644 prog.org.out
 create mode 100644 prog.out
 create mode 100644 total.out
[master 7c1db03] Make IRCServer
 7 files changed, 28 insertions(+), 17 deletions(-)
 delete mode 100644 diff.out
 delete mode 100644 prog.org.out
 delete mode 100644 prog.out
 delete mode 100644 total.out
[master be7aee2] 8 of 12
 6 files changed, 12 insertions(+)
 create mode 100644 diff.out
 create mode 100644 prog.org.out
 create mode 100644 prog.out
 create mode 100644 total.out
[master 71c1770] Make IRCServer
 7 files changed, 17 insertions(+), 26 deletions(-)
 delete mode 100644 diff.out
 delete mode 100644 prog.org.out
 delete mode 100644 prog.out
 delete mode 100644 total.out
[master e8f31a1] 8 of 12
 6 files changed, 12 insertions(+)
 create mode 100644 diff.out
 create mode 100644 prog.org.out
 create mode 100644 prog.out
 create mode 100644 total.out
[master 1c96712] Make IRCServer
 7 files changed, 15 insertions(+), 10 deletions(-)
 delete mode 100644 diff.out
 delete mode 100644 prog.org.out
 delete mode 100644 prog.out
 delete mode 100644 total.out
[master eeff371] 8 of 12
 6 files changed, 12 insertions(+)
 create mode 100644 diff.out
 create mode 100644 prog.org.out
 create mode 100644 prog.out
 create mode 100644 total.out
[master 55b5c46] Make IRCServer
 7 files changed, 12 insertions(+), 4 deletions(-)
 delete mode 100644 diff.out
 delete mode 100644 prog.org.out
 delete mode 100644 prog.out
 delete mode 100644 total.out
[master 5d714af] 8 of 12
 6 files changed, 12 insertions(+)
 create mode 100644 diff.out
 create mode 100644 prog.org.out
 create mode 100644 prog.out
 create mode 100644 total.out
[master eadb988] Make IRCServer
 7 files changed, 7 insertions(+), 5 deletions(-)
 rewrite HashTableVoidTest (70%)
 delete mode 100644 diff.out
 delete mode 100644 prog.org.out
 delete mode 100644 prog.out
 delete mode 100644 total.out
[master 29e9b77] 8 of 12
 6 files changed, 13 insertions(+)
 create mode 100644 diff.out
 create mode 100644 prog.org.out
 create mode 100644 prog.out
 create mode 100644 total.out
[master 96fcc81] Make IRCServer
 5 files changed, 6 insertions(+), 4 deletions(-)
 delete mode 100644 diff.out
 delete mode 100644 prog.org.out
 delete mode 100644 prog.out
 delete mode 100644 total.out
[master d5068bb] 8 of 12
 6 files changed, 12 insertions(+)
 create mode 100644 diff.out
 create mode 100644 prog.org.out
 create mode 100644 prog.out
 create mode 100644 total.out
[master 2557d8c] Make IRCServer
 8 files changed, 57 insertions(+), 20 deletions(-)
 rewrite HashTableVoidTest (78%)
 delete mode 100644 diff.out
 delete mode 100644 prog.org.out
 delete mode 100644 prog.out
 delete mode 100644 total.out
[master de2de6f] 12 of 12
 7 files changed, 15 insertions(+), 2 deletions(-)
 create mode 100644 diff.out
 create mode 100644 prog.org.out
 create mode 100644 prog.out
 create mode 100644 total.out
[master 02c7ef2] Make IRCServer
 7 files changed, 6 insertions(+), 33 deletions(-)
 delete mode 100644 diff.out
 delete mode 100644 prog.org.out
 delete mode 100644 prog.out
 delete mode 100644 total.out
[master cbeabf7] 12 of 12
 6 files changed, 12 insertions(+)
 create mode 100644 diff.out
 create mode 100644 prog.org.out
 create mode 100644 prog.out
 create mode 100644 total.out
[master 4515b9c] Make IRCServer
 3 files changed, 39 insertions(+), 3 deletions(-)
 rewrite IRCServer (80%)
[master 0a2fb02] Make IRCServer
 3 files changed, 9 insertions(+), 3 deletions(-)
[master acf5503] Make IRCServer
 5 files changed, 2 insertions(+), 4 deletions(-)
 delete mode 100644 diff.out
 delete mode 100644 prog.org.out
 delete mode 100644 prog.out
 delete mode 100644 total.out
[master 308da1c] 12 of 12
 6 files changed, 12 insertions(+)
 create mode 100644 diff.out
 create mode 100644 prog.org.out
 create mode 100644 prog.out
 create mode 100644 total.out
[master 778a630] Make IRCServer
 3 files changed, 10 insertions(+), 1 deletion(-)
 rewrite IRCServer (83%)
[master f69e983] Make IRCServer
 7 files changed, 4 insertions(+), 5 deletions(-)
 delete mode 100644 diff.out
 delete mode 100644 prog.org.out
 delete mode 100644 prog.out
 delete mode 100644 total.out
[master c66e1a9] Make IRCServer
 3 files changed, 7 insertions(+)
[master 25e4f7a] Make IRCServer
 4 files changed, 26 insertions(+), 1 deletion(-)
 rewrite IRCServer (85%)
 create mode 100644 User.h
[master 5d1e9ab] Make IRCServer
 3 files changed, 6 insertions(+), 1 deletion(-)
 rewrite IRCServer (60%)
[master 0c3d18f] Make IRCServer
 3 files changed, 15 insertions(+), 2 deletions(-)
[master 69edf74] Make IRCServer
 4 files changed, 4 insertions(+), 2 deletions(-)
 rewrite IRCServer (60%)
 create mode 100644 password.txt
[master 50007d9] Make IRCServer
 3 files changed, 6 insertions(+), 1 deletion(-)
[master 2f10b68] Make IRCServer
 3 files changed, 6 insertions(+), 2 deletions(-)
[master 36c0aac] Make IRCServer
 3 files changed, 4 insertions(+), 1 deletion(-)
[master 4cd2500] Make IRCServer
 3 files changed, 6 insertions(+), 2 deletions(-)
[master 578a9a6] Make IRCServer
 3 files changed, 6 insertions(+), 2 deletions(-)
[master 27cdbad] Make IRCServer
 3 files changed, 17 insertions(+), 1 deletion(-)
 rewrite IRCServer (92%)
[master 60f4626] Make IRCServer
 4 files changed, 19 insertions(+), 1 deletion(-)
 rewrite IRCServer (89%)
[master 1d543f3] Make IRCServer
 2 files changed, 4 insertions(+), 1 deletion(-)
[master dd57350] Make IRCServer
 3 files changed, 54 insertions(+), 2 deletions(-)
 rewrite IRCServer (91%)
[master 007a18c] Make IRCServer
 3 files changed, 7 insertions(+)
[master ba520a8] Make IRCServer
 2 files changed, 3 insertions(+), 1 deletion(-)
[master d413819] Make IRCServer
 3 files changed, 31 insertions(+), 1 deletion(-)
[master ff375e2] Make IRCServer
 3 files changed, 3 insertions(+)
[master 610e9a2] Make IRCServer
 3 files changed, 3 insertions(+), 1 deletion(-)
[master 3b48dd1] Make IRCServer
 3 files changed, 19 insertions(+)
 rewrite IRCServer (87%)
[master 8f784cd] Make IRCServer
 3 files changed, 52 insertions(+), 6 deletions(-)
 rewrite IRCServer (86%)
[master 30483aa] Make IRCServer
 3 files changed, 4 insertions(+)
[master 59dd8fc] Make IRCServer
 3 files changed, 16 insertions(+), 3 deletions(-)
 rewrite IRCServer (70%)
[master 8e22916] Make IRCServer
 3 files changed, 4 insertions(+), 1 deletion(-)
 rewrite IRCServer (75%)
[master ad62b79] Make IRCServer
 3 files changed, 4 insertions(+), 1 deletion(-)
[master da4f58b] Make IRCServer
 3 files changed, 3 insertions(+), 1 deletion(-)
[master 5cc1e38] Make IRCServer
 3 files changed, 3 insertions(+), 1 deletion(-)
[master 98cedc6] Make IRCServer
 3 files changed, 3 insertions(+), 1 deletion(-)
[master 34723ca] Make IRCServer
 3 files changed, 6 insertions(+), 2 deletions(-)
 rewrite IRCServer (60%)
[master 2e47e9c] Make IRCServer
 3 files changed, 5 insertions(+), 1 deletion(-)
 rewrite IRCServer (66%)
[master 0d5607b] Make IRCServer
 3 files changed, 4 insertions(+), 1 deletion(-)
[master 15af39e] Make IRCServer
 1 file changed, 2 insertions(+)
[master b37ba20] Make IRCServer
 3 files changed, 3 insertions(+), 4 deletions(-)
 rewrite IRCServer (66%)
[master 1afad9b] Make IRCServer
 3 files changed, 8 insertions(+), 1 deletion(-)
[master 3579245] Make IRCServer
 3 files changed, 5 insertions(+), 2 deletions(-)
 rewrite IRCServer (60%)
[master 698ea22] Make IRCServer
 3 files changed, 10 insertions(+), 6 deletions(-)
 rewrite IRCServer (61%)
[master ca8c9ea] Make IRCServer
 3 files changed, 5 insertions(+), 3 deletions(-)
 rewrite IRCServer (73%)
[master 162ee65] Make IRCServer
 3 files changed, 4 insertions(+), 1 deletion(-)
[master 8b70d8d] Make IRCServer
 3 files changed, 5 insertions(+), 1 deletion(-)
[master 2dfb8a6] Make IRCServer
 3 files changed, 8 insertions(+), 4 deletions(-)
[master 6a834f3] Make IRCServer
 3 files changed, 3 insertions(+), 1 deletion(-)
[master bab64fc] Make IRCServer
 3 files changed, 4 insertions(+)
 rewrite IRCServer (83%)
[master b473fa1] Make IRCServer
 3 files changed, 4 insertions(+)
[master efa5166] Make IRCServer
 3 files changed, 3 insertions(+), 1 deletion(-)
[master 512f62c] Make IRCServer
 3 files changed, 4 insertions(+), 1 deletion(-)
[master c65f28f] Make IRCServer
 3 files changed, 3 insertions(+), 1 deletion(-)
[master e164128] Make IRCServer
 3 files changed, 5 insertions(+), 3 deletions(-)
[master 46fe09d] Make IRCServer
 3 files changed, 5 insertions(+), 1 deletion(-)
 rewrite IRCServer (73%)
[master 41d0d5a] Make IRCServer
 3 files changed, 6 insertions(+), 3 deletions(-)
[master eeb8d60] Make IRCServer
 3 files changed, 3 insertions(+), 1 deletion(-)
[master 853c2c8] Make IRCServer
 3 files changed, 4 insertions(+), 2 deletions(-)
[master 9b7bfd2] Make IRCServer
 2 files changed, 3 insertions(+), 1 deletion(-)
[master 6f49ec4] Make IRCServer
 3 files changed, 3 insertions(+)
[master f1f2527] Make IRCServer
 3 files changed, 4 insertions(+), 2 deletions(-)
[master 4502e70] Make IRCServer
 3 files changed, 5 insertions(+), 1 deletion(-)
[master 62368ea] Make IRCServer
 3 files changed, 16 insertions(+), 6 deletions(-)
 rewrite IRCServer (64%)
[master c039821] Make IRCServer
 3 files changed, 6 insertions(+), 2 deletions(-)
 rewrite IRCServer (66%)
[master f767fe4] Make IRCServer
 3 files changed, 4 insertions(+), 2 deletions(-)
[master 4b5259c] Make IRCServer
 2 files changed, 3 insertions(+), 1 deletion(-)
[master 4b73263] Make IRCServer
 3 files changed, 17 insertions(+), 7 deletions(-)
[master f2abe35] Make IRCServer
 3 files changed, 3 insertions(+), 1 deletion(-)
[master 0a22a77] Make IRCServer
 3 files changed, 3 insertions(+), 1 deletion(-)
[master a17422a] Make IRCServer
 3 files changed, 5 insertions(+), 2 deletions(-)
 rewrite IRCServer (82%)
[master 02582f7] Make IRCServer
 3 files changed, 8 insertions(+), 2 deletions(-)
 rewrite IRCServer (66%)
[master a40b113] Make IRCServer
 3 files changed, 6 insertions(+), 2 deletions(-)
[master ff091cd] Make IRCServer
 3 files changed, 4 insertions(+), 2 deletions(-)
[master 4521360] Make IRCServer
 3 files changed, 3 insertions(+), 1 deletion(-)
[master 2e8a511] Make IRCServer
 4 files changed, 41 insertions(+), 1 deletion(-)
 rewrite IRCServer (82%)
[master 166841b] Make IRCServer
 3 files changed, 19 insertions(+)
 rewrite IRCServer (70%)
[master 0e7bb8d] Make IRCServer
 3 files changed, 11 insertions(+), 9 deletions(-)
[master cf076e3] Make IRCServer
 3 files changed, 17 insertions(+), 12 deletions(-)
 rewrite IRCServer (91%)
[master 03868c7] Make IRCServer
 3 files changed, 4 insertions(+)
[master a89b3aa] Make IRCServer
 3 files changed, 3 insertions(+), 1 deletion(-)
[master 68dddde] Make IRCServer
 3 files changed, 3 insertions(+), 1 deletion(-)
[master 329092e] Make IRCServer
 3 files changed, 3 insertions(+), 1 deletion(-)
[master d1944ba] Make IRCServer
 3 files changed, 3 insertions(+), 1 deletion(-)
[master b3f6263] Make IRCServer
 3 files changed, 3 insertions(+), 1 deletion(-)
[master 6e1c440] Make IRCServer
 3 files changed, 3 insertions(+)
[master 6cdad65] Make IRCServer
 3 files changed, 3 insertions(+)
[master cb38592] Make IRCServer
 3 files changed, 3 insertions(+), 1 deletion(-)
[master 2404d09] Make IRCServer
 3 files changed, 5 insertions(+), 2 deletions(-)
[master 50f1b49] Make IRCServer
 3 files changed, 5 insertions(+), 3 deletions(-)
[master 7e8ec8b] Make IRCServer
 3 files changed, 4 insertions(+), 1 deletion(-)
[master 0d82703] Make IRCServer
 3 files changed, 3 insertions(+)
[master 5577964] Make IRCServer
 3 files changed, 3 insertions(+), 1 deletion(-)
[master 480e458] Make IRCServer
 3 files changed, 3 insertions(+), 1 deletion(-)
[master 4f0cf3d] Make IRCServer
 14 files changed, 652 insertions(+), 18 deletions(-)
 create mode 100755 IRCServer.org
 create mode 100755 TestIRCServer
 create mode 100755 test-server1.sh
 create mode 100755 test-server10.sh
 create mode 100755 test-server2.sh
 create mode 100755 test-server3.sh
 create mode 100755 test-server4.sh
 create mode 100755 test-server5.sh
 create mode 100755 test-server6.sh
 create mode 100755 test-server7.sh
 create mode 100755 test-server8.sh
 create mode 100755 test-server9.sh
[master 4b748ae] Make IRCServer
 1 file changed, 14 insertions(+)
[master de4af1f] Make IRCServer
 3 files changed, 6 insertions(+)
 delete mode 100644 password.txt
[master 444a73e] Make IRCServer
 7 files changed, 73 insertions(+), 10 deletions(-)
 rewrite IRCServer (80%)
 create mode 100644 diff.out
 create mode 100644 prog.out
 create mode 100644 talk-server.out
[master b83d79e] Make IRCServer
 4 files changed, 6 insertions(+), 55 deletions(-)
 delete mode 100644 diff.out
 delete mode 100644 prog.out
 delete mode 100644 talk-server.out
[master dbe3f1f] Make IRCServer
 2 files changed, 5 insertions(+), 7 deletions(-)
[master d4f0fcc] 12 of 62
 9 files changed, 283 insertions(+), 2 deletions(-)
 create mode 100644 diff.out
 create mode 100644 password.txt
 create mode 100644 prog.org.out
 create mode 100644 prog.out
 create mode 100644 talk-server.out
 create mode 100644 total.out
[master a71f17c] Make IRCServer
 9 files changed, 10 insertions(+), 271 deletions(-)
 delete mode 100644 diff.out
 delete mode 100644 password.txt
 delete mode 100644 prog.org.out
 delete mode 100644 prog.out
 delete mode 100644 talk-server.out
 delete mode 100644 total.out
[master 609c436] 17 of 62
 9 files changed, 280 insertions(+), 1 deletion(-)
 create mode 100644 diff.out
 create mode 100644 password.txt
 create mode 100644 prog.org.out
 create mode 100644 prog.out
 create mode 100644 talk-server.out
 create mode 100644 total.out
[master c06c229] Make IRCServer
 3 files changed, 39 insertions(+), 29 deletions(-)
 rewrite IRCServer (90%)
[master 16ae5d9] Make IRCServer
 6 files changed, 3 insertions(+), 260 deletions(-)
 delete mode 100644 diff.out
 delete mode 100644 prog.org.out
 delete mode 100644 prog.out
 delete mode 100644 talk-server.out
 delete mode 100644 total.out
[master fd8a0e0] 17 of 62
 7 files changed, 255 insertions(+)
 create mode 100644 diff.out
 create mode 100644 prog.org.out
 create mode 100644 prog.out
 create mode 100644 talk-server.out
 create mode 100644 total.out
[master 53a9936] Make IRCServer
 8 files changed, 8 insertions(+), 249 deletions(-)
 delete mode 100644 diff.out
 delete mode 100644 prog.org.out
 delete mode 100644 prog.out
 delete mode 100644 talk-server.out
 delete mode 100644 total.out
[master 450325f] 27 of 62
 8 files changed, 256 insertions(+), 2 deletions(-)
 create mode 100644 diff.out
 create mode 100644 prog.org.out
 create mode 100644 prog.out
 create mode 100644 talk-server.out
 create mode 100644 total.out
[master bb7eee4] Make IRCServer
 8 files changed, 16 insertions(+), 250 deletions(-)
 rewrite IRCServer (62%)
 delete mode 100644 diff.out
 delete mode 100644 prog.org.out
 delete mode 100644 prog.out
 delete mode 100644 talk-server.out
 delete mode 100644 total.out
[master 099d470] 32 of 62
 8 files changed, 256 insertions(+), 1 deletion(-)
 create mode 100644 diff.out
 create mode 100644 prog.org.out
 create mode 100644 prog.out
 create mode 100644 talk-server.out
 create mode 100644 total.out
[master b6f6577] Make IRCServer
 3 files changed, 11 insertions(+), 1 deletion(-)
[master 293776b] Make IRCServer
 3 files changed, 14 insertions(+), 9 deletions(-)
 rewrite IRCServer (83%)
[master 0b95428] Make IRCServer
 3 files changed, 4 insertions(+), 1 deletion(-)
[master 652807d] Make IRCServer
 8 files changed, 12 insertions(+), 252 deletions(-)
 rewrite IRCServer (62%)
 delete mode 100644 diff.out
 delete mode 100644 prog.org.out
 delete mode 100644 prog.out
 delete mode 100644 talk-server.out
 delete mode 100644 total.out
[master 8ff9b3f] Make IRCServer
 3 files changed, 16 insertions(+), 25 deletions(-)
 delete mode 100644 password.txt
 rewrite total.txt (63%)
[master 9d49464] 32 of 62
 9 files changed, 287 insertions(+), 2 deletions(-)
 create mode 100644 diff.out
 create mode 100644 password.txt
 create mode 100644 prog.org.out
 create mode 100644 prog.out
 create mode 100644 talk-server.out
 create mode 100644 total.out
[master b5d4bd9] Make IRCServer
 5 files changed, 119 insertions(+), 10 deletions(-)
 delete mode 100644 password.txt
[master f1c0bda] Make IRCServer
 3 files changed, 4 insertions(+), 1 deletion(-)
[master baf0709] Make IRCServer
 3 files changed, 3 insertions(+), 1 deletion(-)
[master f0b15d1] Make IRCServer
 2 files changed, 3 insertions(+), 1 deletion(-)
[master e9df1b0] Make IRCServer
 3 files changed, 3 insertions(+), 1 deletion(-)
[master 7e6ba0f] Make IRCServer
 3 files changed, 3 insertions(+)
[master 9c98e53] Make IRCServer
 3 files changed, 3 insertions(+), 1 deletion(-)
 rewrite IRCServer (68%)
[master f8c14d2] Make IRCServer
 3 files changed, 4 insertions(+), 1 deletion(-)
[master 7461809] Make IRCServer
 6 files changed, 2 insertions(+), 372 deletions(-)
 delete mode 100644 diff.out
 delete mode 100644 prog.org.out
 delete mode 100644 prog.out
 delete mode 100644 talk-server.out
 delete mode 100644 total.out
[master b71f8e6] 32 of 62
 8 files changed, 283 insertions(+)
 create mode 100644 diff.out
 create mode 100644 password.txt
 create mode 100644 prog.org.out
 create mode 100644 prog.out
 create mode 100644 talk-server.out
 create mode 100644 total.out
[master 6c81182] Make IRCServer
 8 files changed, 49 insertions(+), 306 deletions(-)
 delete mode 100644 diff.out
 delete mode 100644 prog.org.out
 delete mode 100644 prog.out
 delete mode 100644 talk-server.out
 delete mode 100644 total.out
[master 01634ca] Make IRCServer
 8 files changed, 209 insertions(+), 15 deletions(-)
 create mode 100644 diff.out
 delete mode 100644 password.txt
 create mode 100644 prog.out
 create mode 100644 talk-server.out
[master 80fdbf7] Make IRCServer
 3 files changed, 9 insertions(+), 3 deletions(-)
[master 4379f4f] Make IRCServer
 4 files changed, 2 insertions(+), 199 deletions(-)
 delete mode 100644 diff.out
 delete mode 100644 prog.out
 delete mode 100644 talk-server.out
[master ec07c2e] 32 of 62
 9 files changed, 282 insertions(+)
 create mode 100644 diff.out
 create mode 100644 password.txt
 create mode 100644 prog.org.out
 create mode 100644 prog.out
 create mode 100644 talk-server.out
 create mode 100644 total.out
[master 14bd9a5] Make IRCServer
 8 files changed, 9 insertions(+), 262 deletions(-)
 delete mode 100644 diff.out
 delete mode 100644 prog.org.out
 delete mode 100644 prog.out
 delete mode 100644 talk-server.out
 delete mode 100644 total.out
[master 223a788] 37 of 62
 8 files changed, 275 insertions(+), 1 deletion(-)
 create mode 100644 diff.out
 create mode 100644 prog.org.out
 create mode 100644 prog.out
 create mode 100644 talk-server.out
 create mode 100644 total.out
[master b07e7b9] Make IRCServer
 8 files changed, 15 insertions(+), 297 deletions(-)
 delete mode 100644 diff.out
 delete mode 100644 prog.org.out
 delete mode 100644 prog.out
 delete mode 100644 talk-server.out
 delete mode 100644 total.out
[master ef45352] 37 of 62
 7 files changed, 250 insertions(+)
 create mode 100644 diff.out
 create mode 100644 prog.org.out
 create mode 100644 prog.out
 create mode 100644 talk-server.out
 create mode 100644 total.out
[master 6b3000e] Make IRCServer
 3 files changed, 17 insertions(+), 5 deletions(-)
 rewrite IRCServer (71%)
[master 88f49e9] Make IRCServer
 6 files changed, 3 insertions(+), 241 deletions(-)
 delete mode 100644 diff.out
 delete mode 100644 prog.org.out
 delete mode 100644 prog.out
 delete mode 100644 talk-server.out
 delete mode 100644 total.out
[master 30ffd02] 42 of 62
 8 files changed, 251 insertions(+), 1 deletion(-)
 create mode 100644 diff.out
 create mode 100644 prog.org.out
 create mode 100644 prog.out
 create mode 100644 talk-server.out
 create mode 100644 total.out
[master aa6f1be] Make IRCServer
 4 files changed, 34 insertions(+), 28 deletions(-)
 delete mode 100644 password.txt
[master 5f84a78] Make IRCServer
 8 files changed, 5 insertions(+), 243 deletions(-)
 delete mode 100644 diff.out
 delete mode 100644 prog.org.out
 delete mode 100644 prog.out
 delete mode 100644 talk-server.out
 delete mode 100644 total.out
[master 3f9c1f2] 42 of 62
 8 files changed, 254 insertions(+)
 create mode 100644 diff.out
 create mode 100644 password.txt
 create mode 100644 prog.org.out
 create mode 100644 prog.out
 create mode 100644 talk-server.out
 create mode 100644 total.out
[master b500963] Make IRCServer
 8 files changed, 9 insertions(+), 237 deletions(-)
 delete mode 100644 diff.out
 delete mode 100644 prog.org.out
 delete mode 100644 prog.out
 delete mode 100644 talk-server.out
 delete mode 100644 total.out
[master 94c7347] 47 of 62
 8 files changed, 242 insertions(+), 1 deletion(-)
 create mode 100644 diff.out
 create mode 100644 prog.org.out
 create mode 100644 prog.out
 create mode 100644 talk-server.out
 create mode 100644 total.out
[master 11dfc6b] Make IRCServer
 3 files changed, 37 insertions(+), 16 deletions(-)
[master a739317] Make IRCServer
 7 files changed, 2 insertions(+), 241 deletions(-)
 delete mode 100644 diff.out
 delete mode 100644 password.txt
 delete mode 100644 prog.org.out
 delete mode 100644 prog.out
 delete mode 100644 talk-server.out
 delete mode 100644 total.out
[master 4c03162] 52 of 62
 9 files changed, 249 insertions(+), 1 deletion(-)
 create mode 100644 diff.out
 create mode 100644 password.txt
 create mode 100644 prog.org.out
 create mode 100644 prog.out
 create mode 100644 talk-server.out
 create mode 100644 total.out
[master 7459f4a] Make IRCServer
 3 files changed, 41 insertions(+), 29 deletions(-)
[master 45302f9] Make IRCServer
 5 files changed, 216 insertions(+), 10 deletions(-)
 delete mode 100644 password.txt
[master bd763e2] Make IRCServer
 3 files changed, 4 insertions(+), 1 deletion(-)
[master c085a4a] Make IRCServer
 6 files changed, 2 insertions(+), 442 deletions(-)
 delete mode 100644 diff.out
 delete mode 100644 prog.org.out
 delete mode 100644 prog.out
 delete mode 100644 talk-server.out
 delete mode 100644 total.out
[master 63ef898] 57 of 62
 9 files changed, 250 insertions(+), 1 deletion(-)
 create mode 100644 diff.out
 create mode 100644 password.txt
 create mode 100644 prog.org.out
 create mode 100644 prog.out
 create mode 100644 talk-server.out
 create mode 100644 total.out
[master 454ed2f] Make IRCServer
 8 files changed, 9 insertions(+), 232 deletions(-)
 delete mode 100644 diff.out
 delete mode 100644 prog.org.out
 delete mode 100644 prog.out
 delete mode 100644 talk-server.out
 delete mode 100644 total.out
[master b31ab8c] 57 of 62
 7 files changed, 236 insertions(+)
 create mode 100644 diff.out
 create mode 100644 prog.org.out
 create mode 100644 prog.out
 create mode 100644 talk-server.out
 create mode 100644 total.out
[master 5323a88] Make IRCServer
 5 files changed, 176 insertions(+), 12 deletions(-)
 rewrite IRCServer (71%)
 delete mode 100644 password.txt
[master 423ba0c] Make IRCServer
 3 files changed, 6 insertions(+), 2 deletions(-)
 rewrite IRCServer (74%)
[master 0c6ad7d] Make IRCServer
 6 files changed, 3 insertions(+), 393 deletions(-)
 delete mode 100644 diff.out
 delete mode 100644 prog.org.out
 delete mode 100644 prog.out
 delete mode 100644 talk-server.out
 delete mode 100644 total.out
[master 51aba47] 62 of 62
 9 files changed, 235 insertions(+), 1 deletion(-)
 create mode 100644 diff.out
 create mode 100644 password.txt
 create mode 100644 prog.org.out
 create mode 100644 prog.out
 create mode 100644 talk-server.out
 create mode 100644 total.out
